SF:lib/core/error/failure.dart
DA:6,2
DA:8,1
DA:9,2
LF:3
LH:3
end_of_record
SF:lib/features/auth_tef/0_data/datasources/http_datasource.dart
DA:13,1
DA:15,1
DA:17,2
DA:19,2
DA:20,1
DA:22,1
LF:6
LH:6
end_of_record
SF:lib/features/auth_tef/0_data/repositories/phase_one_repository_impl.dart
DA:16,1
DA:21,1
DA:24,3
DA:25,3
DA:27,1
DA:28,1
DA:29,2
LF:7
LH:7
end_of_record
SF:lib/configs/decorations.dart
DA:8,0
DA:20,0
DA:24,0
DA:25,0
DA:28,0
DA:29,0
LF:6
LH:0
end_of_record
SF:lib/features/auth/2_application/pages/check_auth/check_auth_page.dart
DA:12,8
DA:14,0
DA:16,0
DA:17,0
DA:18,0
DA:20,0
DA:25,0
DA:26,0
DA:29,0
DA:33,0
DA:34,0
DA:35,0
DA:37,0
DA:39,0
DA:42,0
DA:45,0
DA:48,0
DA:51,0
DA:54,0
DA:56,0
DA:60,0
LF:21
LH:1
end_of_record
SF:lib/services/entrust.dart
DA:7,0
DA:9,0
DA:13,0
DA:17,0
DA:19,0
DA:23,0
DA:28,0
DA:30,0
DA:34,0
DA:38,0
DA:40,0
DA:44,0
DA:49,0
DA:51,0
DA:55,0
DA:57,0
DA:61,0
DA:67,0
DA:69,0
DA:74,0
DA:76,0
DA:80,0
DA:86,0
DA:89,0
DA:94,0
DA:100,0
DA:102,0
DA:106,0
LF:28
LH:0
end_of_record
SF:lib/features/auth/2_application/pages/login/login_page.dart
DA:5,8
DA:7,0
DA:9,0
DA:10,0
DA:13,0
DA:15,0
DA:17,0
DA:19,0
DA:20,0
LF:9
LH:1
end_of_record
SF:lib/features/auth/2_application/pages/register/register_page.dart
DA:5,8
DA:7,0
DA:9,0
DA:10,0
DA:16,0
DA:18,0
DA:20,0
DA:22,0
DA:23,0
LF:9
LH:1
end_of_record
SF:lib/features/auth/auth_feature.dart
DA:7,0
DA:9,0
DA:12,0
DA:13,0
DA:15,0
DA:19,0
DA:21,0
LF:7
LH:0
end_of_record
SF:lib/features/auth_tef/0_data/models/account_model.dart
DA:4,4
DA:10,3
DA:11,3
DA:12,3
DA:13,3
DA:14,3
DA:18,2
DA:19,8
LF:8
LH:8
end_of_record
SF:lib/features/auth_tef/1_domain/entities/account.dart
DA:8,9
DA:14,3
DA:15,12
LF:3
LH:3
end_of_record
SF:lib/features/auth_tef/0_data/models/account_state_model.dart
DA:6,4
DA:11,3
DA:12,3
DA:13,3
DA:14,3
DA:18,2
DA:19,6
LF:7
LH:7
end_of_record
SF:lib/features/auth_tef/1_domain/entities/account_state.dart
DA:7,9
DA:12,3
DA:13,9
LF:3
LH:3
end_of_record
SF:lib/features/auth_tef/0_data/models/phase_one_model.dart
DA:9,3
DA:11,2
DA:12,2
DA:13,12
DA:14,2
DA:15,2
DA:16,2
DA:17,12
DA:21,1
DA:22,6
LF:10
LH:10
end_of_record
SF:lib/features/auth_tef/1_domain/entities/phase_one.dart
DA:12,16
DA:20,4
DA:21,4
DA:22,4
DA:23,4
DA:24,4
DA:25,4
DA:26,4
LF:8
LH:8
end_of_record
SF:lib/features/auth_tef/1_domain/usecases/get_phase_one.dart
DA:12,1
DA:14,1
DA:15,2
LF:3
LH:3
end_of_record
SF:lib/features/auth_tef/2_application/cubits/auth_tef/auth_tef_state.dart
DA:8,12
DA:13,2
DA:17,2
DA:18,1
DA:19,0
DA:23,2
DA:24,6
LF:7
LH:6
end_of_record
SF:lib/features/auth_tef/2_application/cubits/auth_tef/auth_tef_cubit.dart
DA:10,4
DA:23,2
DA:24,4
DA:26,2
DA:27,1
DA:28,3
DA:33,2
DA:34,6
LF:8
LH:8
end_of_record
SF:lib/injection.dart
DA:24,6
DA:26,0
DA:27,0
DA:30,0
DA:32,0
DA:33,0
DA:37,0
DA:38,0
DA:40,0
DA:42,0
DA:43,0
DA:45,0
DA:46,0
DA:48,0
DA:50,0
DA:51,0
DA:53,0
DA:54,0
DA:57,0
DA:58,0
DA:62,0
DA:64,0
DA:65,0
DA:66,0
DA:69,0
DA:71,0
DA:72,0
DA:73,0
DA:76,0
DA:77,0
DA:79,0
DA:82,0
DA:84,0
DA:85,0
DA:86,0
DA:87,0
DA:88,0
DA:92,0
DA:95,0
DA:99,0
DA:101,0
DA:103,0
DA:104,0
DA:105,0
DA:106,0
DA:107,0
DA:112,0
DA:114,0
DA:115,0
DA:116,0
DA:118,0
DA:122,0
DA:125,0
DA:127,0
DA:128,0
DA:129,0
DA:130,0
DA:131,0
DA:132,0
DA:134,0
LF:60
LH:1
end_of_record
SF:lib/features/auth_tef/2_application/pages/select_status_account_page.dart
DA:13,9
DA:15,1
DA:22,8
DA:24,1
DA:26,2
DA:27,2
DA:28,1
DA:30,1
DA:31,1
DA:32,1
DA:34,1
DA:35,1
DA:58,1
DA:60,4
DA:72,1
DA:76,1
DA:78,1
DA:79,1
DA:80,4
DA:81,1
DA:82,0
DA:84,1
DA:87,1
DA:97,1
DA:110,8
DA:112,1
DA:114,1
DA:115,1
DA:116,1
DA:118,1
DA:119,1
DA:125,1
DA:127,1
DA:128,1
LF:34
LH:33
end_of_record
SF:lib/features/auth_tef/2_application/widgets/shared/alert_card.dart
DA:11,1
DA:17,3
DA:18,1
DA:19,1
DA:20,1
DA:21,1
DA:29,8
DA:36,1
DA:38,1
DA:41,1
DA:42,4
DA:43,1
DA:44,5
DA:46,1
DA:47,1
DA:48,1
DA:50,1
LF:17
LH:17
end_of_record
SF:lib/features/auth_tef/2_application/widgets/shared/custom_app_bar.dart
DA:4,1
DA:9,1
DA:11,1
DA:20,1
DA:32,1
DA:36,1
DA:38,1
DA:39,1
LF:8
LH:8
end_of_record
SF:lib/features/auth_tef/2_application/widgets/shared/custom_card_button.dart
DA:7,1
DA:9,1
DA:11,2
DA:13,1
DA:15,1
DA:18,1
DA:26,1
DA:27,1
DA:28,1
DA:30,1
DA:31,1
DA:32,1
DA:33,1
DA:34,1
DA:38,1
DA:40,1
LF:16
LH:16
end_of_record
SF:lib/features/auth_tef/2_application/widgets/skeletons/account_states_skeleton.dart
DA:5,8
DA:7,1
DA:9,1
DA:10,1
DA:11,1
DA:12,1
DA:15,1
DA:21,1
DA:22,1
DA:25,1
DA:31,1
DA:32,1
DA:35,1
LF:13
LH:13
end_of_record
SF:lib/theme.dart
DA:11,0
DA:15,0
DA:28,0
DA:29,0
DA:30,0
DA:38,0
DA:39,0
DA:40,0
DA:47,0
DA:50,0
DA:51,0
DA:52,0
DA:59,0
DA:60,0
LF:14
LH:0
end_of_record
SF:lib/features/auth_tef/auth_tef_feature.dart
DA:15,0
DA:17,0
DA:18,0
DA:19,0
DA:26,0
DA:28,0
DA:31,0
DA:34,0
DA:35,0
DA:39,0
DA:40,0
LF:11
LH:0
end_of_record
SF:lib/features/beneficiaries/0_data/datasource/beneficiaries_remote_datasource.dart
DA:13,0
DA:16,0
DA:18,0
DA:19,0
DA:20,0
LF:5
LH:0
end_of_record
SF:lib/features/beneficiaries/0_data/models/beneficiary_model.dart
DA:6,0
DA:14,0
DA:24,0
DA:25,0
DA:26,0
DA:27,0
DA:28,0
DA:29,0
DA:30,0
DA:31,0
DA:32,0
LF:11
LH:0
end_of_record
SF:lib/features/beneficiaries/1_domain/entities/beneficiary_entity.dart
DA:12,0
DA:22,0
DA:23,0
DA:24,0
DA:25,0
DA:26,0
DA:27,0
DA:28,0
DA:29,0
DA:30,0
LF:10
LH:0
end_of_record
SF:lib/features/beneficiaries/0_data/repositories/beneficiaries_repo_impl.dart
DA:13,0
DA:17,0
DA:20,0
DA:22,0
DA:23,0
DA:24,0
DA:26,0
DA:27,0
DA:28,0
LF:9
LH:0
end_of_record
SF:lib/helpers/get_error_message.dart
DA:3,0
DA:4,0
DA:5,0
DA:6,0
LF:4
LH:0
end_of_record
SF:lib/features/beneficiaries/1_domain/failures/failures.dart
DA:4,0
LF:1
LH:0
end_of_record
SF:lib/features/beneficiaries/1_domain/usecases/beneficiaries_usecases.dart
DA:10,0
DA:14,0
DA:15,0
LF:3
LH:0
end_of_record
SF:lib/features/beneficiaries/2_application/core/blocs/beneficiaries_bloc/beneficiaries_event.dart
DA:4,0
DA:6,0
DA:7,0
LF:3
LH:0
end_of_record
SF:lib/features/beneficiaries/2_application/core/blocs/beneficiaries_bloc/beneficiaries_bloc.dart
DA:13,0
DA:15,0
DA:16,0
DA:17,0
DA:19,0
DA:21,0
DA:22,0
DA:23,0
DA:25,0
DA:27,0
LF:10
LH:0
end_of_record
SF:lib/features/beneficiaries/2_application/core/blocs/beneficiaries_bloc/beneficiaries_state.dart
DA:8,8
DA:14,0
DA:22,0
DA:23,0
DA:24,0
DA:25,0
DA:26,0
DA:29,0
DA:30,0
DA:31,0
DA:32,0
DA:33,0
DA:35,0
DA:40,0
DA:41,0
DA:42,0
DA:43,0
LF:17
LH:1
end_of_record
SF:lib/features/beneficiaries/2_application/pages/beneficiaries/beneficiaries_page.dart
DA:12,8
DA:14,0
DA:16,0
DA:17,0
DA:24,8
DA:26,0
DA:28,0
DA:32,0
DA:34,0
DA:35,0
DA:38,0
DA:52,0
DA:53,0
DA:54,0
DA:58,0
DA:59,0
DA:60,0
DA:61,0
DA:63,0
DA:65,0
DA:66,0
DA:67,0
DA:68,0
DA:69,0
DA:70,0
DA:71,0
DA:72,0
DA:74,0
DA:75,0
DA:76,0
LF:30
LH:2
end_of_record
SF:lib/features/beneficiaries/2_application/pages/beneficiary_detail/beneficiary_detail_page.dart
DA:8,0
DA:11,0
DA:13,0
DA:17,0
DA:18,0
DA:19,0
DA:21,0
DA:23,0
DA:24,0
DA:25,0
DA:27,0
DA:28,0
LF:12
LH:0
end_of_record
SF:lib/features/beneficiaries/beneficiaries_feature.dart
DA:7,0
DA:9,0
DA:12,0
DA:13,0
DA:15,0
DA:16,0
LF:6
LH:0
end_of_record
SF:lib/features/transfers/transfers_feature.dart
DA:7,0
DA:9,0
LF:2
LH:0
end_of_record
SF:lib/features/home/home_feature.dart
DA:7,0
DA:9,0
LF:2
LH:0
end_of_record
SF:lib/features/home/2_application/pages/home/home_page.dart
DA:12,8
DA:14,0
DA:19,0
DA:23,0
DA:26,0
DA:29,0
DA:32,0
DA:38,0
DA:39,0
DA:40,0
DA:42,0
DA:45,0
DA:47,0
DA:49,0
DA:51,0
DA:52,0
DA:56,0
DA:58,0
DA:59,0
DA:63,0
DA:65,0
DA:66,0
DA:72,0
DA:74,0
LF:24
LH:1
end_of_record
SF:lib/features/home/2_application/pages/home/widgets/app_bottom_navigation_bar.dart
DA:8,0
DA:13,0
DA:15,0
DA:17,0
DA:19,0
DA:20,0
DA:21,0
LF:7
LH:0
end_of_record
SF:lib/features/home/2_application/pages/home/widgets/app_drawer.dart
DA:11,0
DA:14,0
DA:16,0
DA:18,0
DA:20,0
DA:22,0
DA:23,0
DA:24,0
DA:25,0
DA:27,0
DA:28,0
DA:31,0
DA:34,0
DA:35,0
DA:36,0
DA:37,0
DA:46,0
DA:50,0
DA:52,0
DA:56,0
DA:58,0
DA:62,0
LF:22
LH:0
end_of_record
SF:lib/features/home/2_application/pages/home/widgets/app_drawer_button.dart
DA:9,0
DA:15,0
DA:17,0
DA:19,0
DA:20,0
DA:21,0
DA:22,0
DA:24,0
DA:25,0
DA:26,0
DA:28,0
LF:11
LH:0
end_of_record
SF:lib/features/transfers/2_application/pages/transfers_page.dart
DA:9,8
DA:11,0
DA:13,0
DA:14,0
DA:17,0
DA:19,0
DA:21,0
DA:23,0
DA:24,0
DA:25,0
DA:30,0
DA:32,0
DA:33,0
DA:37,0
DA:39,0
DA:40,0
LF:16
LH:1
end_of_record
SF:lib/firebase_options.dart
DA:18,0
DA:20,0
DA:25,0
DA:26,0
DA:28,0
DA:30,0
DA:31,0
DA:35,0
DA:36,0
DA:40,0
DA:41,0
DA:46,0
LF:12
LH:0
end_of_record
SF:lib/router/router.dart
DA:10,0
DA:14,0
DA:15,0
DA:17,0
DA:18,0
DA:20,0
DA:21,0
DA:22,0
DA:23,0
DA:24,0
DA:25,0
LF:11
LH:0
end_of_record
